[17-Jan-2012 14:03:41] PHP Notice:  Use of undefined constant ’token’ - assumed '’token’' in /var/www/GIT/mvc/libs/Session.php on line 19
[17-Jan-2012 14:03:41] PHP Stack trace:
[17-Jan-2012 14:03:41] PHP   1. {main}() /var/www/GIT/mvc/index.php:0
[17-Jan-2012 14:03:41] PHP   2. Bootstrap->__construct() /var/www/GIT/mvc/index.php:14
[17-Jan-2012 14:03:41] PHP   3. Main->__construct() /var/www/GIT/mvc/libs/Bootstrap.php:24
[17-Jan-2012 14:03:41] PHP   4. Session->start() /var/www/GIT/mvc/controllers/main.php:11
[17-Jan-2012 14:03:41] PHP Notice:  Undefined property: Main::$model in /var/www/GIT/mvc/controllers/main.php on line 21
[17-Jan-2012 14:03:41] PHP Stack trace:
[17-Jan-2012 14:03:41] PHP   1. {main}() /var/www/GIT/mvc/index.php:0
[17-Jan-2012 14:03:41] PHP   2. Bootstrap->__construct() /var/www/GIT/mvc/index.php:14
[17-Jan-2012 14:03:41] PHP   3. Main->index() /var/www/GIT/mvc/libs/Bootstrap.php:26
[17-Jan-2012 14:03:41] PHP Fatal error:  Call to a member function getData() on a non-object in /var/www/GIT/mvc/controllers/main.php on line 21
[17-Jan-2012 14:03:41] PHP Stack trace:
[17-Jan-2012 14:03:41] PHP   1. {main}() /var/www/GIT/mvc/index.php:0
[17-Jan-2012 14:03:41] PHP   2. Bootstrap->__construct() /var/www/GIT/mvc/index.php:14
[17-Jan-2012 14:03:41] PHP   3. Main->index() /var/www/GIT/mvc/libs/Bootstrap.php:26
[17-Jan-2012 14:03:51] PHP Notice:  Undefined variable: user in /var/www/GIT/mvc/models/login_model.php on line 37
[17-Jan-2012 14:03:51] PHP Stack trace:
[17-Jan-2012 14:03:51] PHP   1. {main}() /var/www/GIT/mvc/index.php:0
[17-Jan-2012 14:03:51] PHP   2. Bootstrap->__construct() /var/www/GIT/mvc/index.php:14
[17-Jan-2012 14:03:51] PHP   3. Login->runLogin() /var/www/GIT/mvc/libs/Bootstrap.php:26
[17-Jan-2012 14:03:51] PHP   4. Login_Model->login() /var/www/GIT/mvc/controllers/login.php:20
[17-Jan-2012 14:03:51] PHP Notice:  Use of undefined constant ’token’ - assumed '’token’' in /var/www/GIT/mvc/libs/Session.php on line 19
[17-Jan-2012 14:03:51] PHP Stack trace:
[17-Jan-2012 14:03:51] PHP   1. {main}() /var/www/GIT/mvc/index.php:0
[17-Jan-2012 14:03:51] PHP   2. Bootstrap->__construct() /var/www/GIT/mvc/index.php:14
[17-Jan-2012 14:03:51] PHP   3. Main->__construct() /var/www/GIT/mvc/libs/Bootstrap.php:24
[17-Jan-2012 14:03:51] PHP   4. Session->start() /var/www/GIT/mvc/controllers/main.php:11
[17-Jan-2012 14:03:51] PHP Notice:  Undefined property: Main::$model in /var/www/GIT/mvc/controllers/main.php on line 21
[17-Jan-2012 14:03:51] PHP Stack trace:
[17-Jan-2012 14:03:51] PHP   1. {main}() /var/www/GIT/mvc/index.php:0
[17-Jan-2012 14:03:51] PHP   2. Bootstrap->__construct() /var/www/GIT/mvc/index.php:14
[17-Jan-2012 14:03:51] PHP   3. Main->index() /var/www/GIT/mvc/libs/Bootstrap.php:26
[17-Jan-2012 14:03:51] PHP Fatal error:  Call to a member function getData() on a non-object in /var/www/GIT/mvc/controllers/main.php on line 21
[17-Jan-2012 14:03:51] PHP Stack trace:
[17-Jan-2012 14:03:51] PHP   1. {main}() /var/www/GIT/mvc/index.php:0
[17-Jan-2012 14:03:51] PHP   2. Bootstrap->__construct() /var/www/GIT/mvc/index.php:14
[17-Jan-2012 14:03:51] PHP   3. Main->index() /var/www/GIT/mvc/libs/Bootstrap.php:26
[17-Jan-2012 14:03:58] PHP Notice:  Undefined variable: user in /var/www/GIT/mvc/models/login_model.php on line 37
[17-Jan-2012 14:03:58] PHP Stack trace:
[17-Jan-2012 14:03:58] PHP   1. {main}() /var/www/GIT/mvc/index.php:0
[17-Jan-2012 14:03:58] PHP   2. Bootstrap->__construct() /var/www/GIT/mvc/index.php:14
[17-Jan-2012 14:03:58] PHP   3. Login->runLogin() /var/www/GIT/mvc/libs/Bootstrap.php:26
[17-Jan-2012 14:03:58] PHP   4. Login_Model->login() /var/www/GIT/mvc/controllers/login.php:20
[17-Jan-2012 15:08:32] PHP Parse error:  syntax error, unexpected $end, expecting T_FUNCTION in /var/www/GIT/mvc/libs/Model.php on line 21
[17-Jan-2012 15:08:32] PHP Stack trace:
[17-Jan-2012 15:08:32] PHP   1. {main}() /var/www/GIT/mvc/index.php:0
[17-Jan-2012 15:08:32] PHP   2. Bootstrap->__construct() /var/www/GIT/mvc/index.php:14
[17-Jan-2012 15:08:32] PHP   3. Main->__construct() /var/www/GIT/mvc/libs/Bootstrap.php:24
[17-Jan-2012 15:08:32] PHP   4. Controller->__construct() /var/www/GIT/mvc/controllers/main.php:11
[17-Jan-2012 15:08:32] PHP   5. Autoloader::load() /var/www/GIT/mvc/libs/Autoload.php:0
[17-Jan-2012 15:08:32] PHP   6. require() /var/www/GIT/mvc/libs/Autoload.php:22
[17-Jan-2012 15:08:32] PHP   7. Autoloader::load() /var/www/GIT/mvc/libs/Autoload.php:0
[17-Jan-2012 16:20:56] PHP Notice:  Undefined property: Main::$session in /var/www/GIT/mvc/libs/Controller.php on line 15
[17-Jan-2012 16:20:56] PHP Stack trace:
[17-Jan-2012 16:20:56] PHP   1. {main}() /var/www/GIT/mvc/index.php:0
[17-Jan-2012 16:20:56] PHP   2. Bootstrap->__construct() /var/www/GIT/mvc/index.php:14
[17-Jan-2012 16:20:56] PHP   3. Main->__construct() /var/www/GIT/mvc/libs/Bootstrap.php:24
[17-Jan-2012 16:20:56] PHP   4. Controller->__construct() /var/www/GIT/mvc/controllers/main.php:12
[17-Jan-2012 16:20:56] PHP Fatal error:  Call to a member function get() on a non-object in /var/www/GIT/mvc/libs/Controller.php on line 15
[17-Jan-2012 16:20:56] PHP Stack trace:
[17-Jan-2012 16:20:56] PHP   1. {main}() /var/www/GIT/mvc/index.php:0
[17-Jan-2012 16:20:56] PHP   2. Bootstrap->__construct() /var/www/GIT/mvc/index.php:14
[17-Jan-2012 16:20:56] PHP   3. Main->__construct() /var/www/GIT/mvc/libs/Bootstrap.php:24
[17-Jan-2012 16:20:56] PHP   4. Controller->__construct() /var/www/GIT/mvc/controllers/main.php:12
[17-Jan-2012 16:22:29] PHP Notice:  Use of undefined constant ’token’ - assumed '’token’' in /var/www/GIT/mvc/libs/Session.php on line 19
[17-Jan-2012 16:22:29] PHP Stack trace:
[17-Jan-2012 16:22:29] PHP   1. {main}() /var/www/GIT/mvc/index.php:0
[17-Jan-2012 16:22:29] PHP   2. Bootstrap->__construct() /var/www/GIT/mvc/index.php:14
[17-Jan-2012 16:22:29] PHP   3. Main->__construct() /var/www/GIT/mvc/libs/Bootstrap.php:24
[17-Jan-2012 16:22:29] PHP   4. Controller->__construct() /var/www/GIT/mvc/controllers/main.php:12
[17-Jan-2012 16:22:29] PHP   5. Main_Model->__construct() /var/www/GIT/mvc/libs/Controller.php:16
[17-Jan-2012 16:22:29] PHP   6. Model->__construct() /var/www/GIT/mvc/models/main_model.php:8
[17-Jan-2012 16:22:29] PHP   7. Session->start() /var/www/GIT/mvc/libs/Model.php:11
[17-Jan-2012 16:22:34] PHP Notice:  Use of undefined constant ’token’ - assumed '’token’' in /var/www/GIT/mvc/libs/Session.php on line 32
[17-Jan-2012 16:22:34] PHP Stack trace:
[17-Jan-2012 16:22:34] PHP   1. {main}() /var/www/GIT/mvc/index.php:0
[17-Jan-2012 16:22:34] PHP   2. Bootstrap->__construct() /var/www/GIT/mvc/index.php:14
[17-Jan-2012 16:22:34] PHP   3. Login->runLogin() /var/www/GIT/mvc/libs/Bootstrap.php:26
[17-Jan-2012 16:22:34] PHP   4. Login_Model->login() /var/www/GIT/mvc/controllers/login.php:22
[17-Jan-2012 16:22:34] PHP   5. Session->checkToken() /var/www/GIT/mvc/models/login_model.php:20
[17-Jan-2012 16:22:53] PHP Notice:  Undefined index: token in /var/www/GIT/mvc/libs/Session.php on line 32
[17-Jan-2012 16:22:53] PHP Stack trace:
[17-Jan-2012 16:22:53] PHP   1. {main}() /var/www/GIT/mvc/index.php:0
[17-Jan-2012 16:22:53] PHP   2. Bootstrap->__construct() /var/www/GIT/mvc/index.php:14
[17-Jan-2012 16:22:53] PHP   3. Login->runLogin() /var/www/GIT/mvc/libs/Bootstrap.php:26
[17-Jan-2012 16:22:53] PHP   4. Login_Model->login() /var/www/GIT/mvc/controllers/login.php:22
[17-Jan-2012 16:22:53] PHP   5. Session->checkToken() /var/www/GIT/mvc/models/login_model.php:20
[17-Jan-2012 16:22:58] PHP Notice:  Undefined index: token in /var/www/GIT/mvc/libs/Session.php on line 32
[17-Jan-2012 16:22:58] PHP Stack trace:
[17-Jan-2012 16:22:58] PHP   1. {main}() /var/www/GIT/mvc/index.php:0
[17-Jan-2012 16:22:58] PHP   2. Bootstrap->__construct() /var/www/GIT/mvc/index.php:14
[17-Jan-2012 16:22:58] PHP   3. Login->runLogin() /var/www/GIT/mvc/libs/Bootstrap.php:26
[17-Jan-2012 16:22:58] PHP   4. Login_Model->login() /var/www/GIT/mvc/controllers/login.php:22
[17-Jan-2012 16:22:58] PHP   5. Session->checkToken() /var/www/GIT/mvc/models/login_model.php:20
[17-Jan-2012 16:23:10] PHP Notice:  Undefined index: token in /var/www/GIT/mvc/libs/Session.php on line 32
[17-Jan-2012 16:23:10] PHP Stack trace:
[17-Jan-2012 16:23:10] PHP   1. {main}() /var/www/GIT/mvc/index.php:0
[17-Jan-2012 16:23:10] PHP   2. Bootstrap->__construct() /var/www/GIT/mvc/index.php:14
[17-Jan-2012 16:23:10] PHP   3. Login->runLogin() /var/www/GIT/mvc/libs/Bootstrap.php:26
[17-Jan-2012 16:23:10] PHP   4. Login_Model->login() /var/www/GIT/mvc/controllers/login.php:22
[17-Jan-2012 16:23:10] PHP   5. Session->checkToken() /var/www/GIT/mvc/models/login_model.php:20
[17-Jan-2012 16:23:10] PHP Notice:  A session had already been started - ignoring session_start() in /var/www/GIT/mvc/libs/Session.php on line 9
[17-Jan-2012 16:23:10] PHP Stack trace:
[17-Jan-2012 16:23:10] PHP   1. {main}() /var/www/GIT/mvc/index.php:0
[17-Jan-2012 16:23:10] PHP   2. Bootstrap->__construct() /var/www/GIT/mvc/index.php:14
[17-Jan-2012 16:23:10] PHP   3. Login->runLogin() /var/www/GIT/mvc/libs/Bootstrap.php:26
[17-Jan-2012 16:23:10] PHP   4. Login_Model->login() /var/www/GIT/mvc/controllers/login.php:22
[17-Jan-2012 16:23:10] PHP   5. Session->start() /var/www/GIT/mvc/models/login_model.php:35
[17-Jan-2012 16:23:10] PHP   6. session_start() /var/www/GIT/mvc/libs/Session.php:9
[17-Jan-2012 16:23:10] PHP Notice:  Undefined variable: user in /var/www/GIT/mvc/models/login_model.php on line 37
[17-Jan-2012 16:23:10] PHP Stack trace:
[17-Jan-2012 16:23:10] PHP   1. {main}() /var/www/GIT/mvc/index.php:0
[17-Jan-2012 16:23:10] PHP   2. Bootstrap->__construct() /var/www/GIT/mvc/index.php:14
[17-Jan-2012 16:23:10] PHP   3. Login->runLogin() /var/www/GIT/mvc/libs/Bootstrap.php:26
[17-Jan-2012 16:23:10] PHP   4. Login_Model->login() /var/www/GIT/mvc/controllers/login.php:22
[17-Jan-2012 16:23:49] PHP Notice:  A session had already been started - ignoring session_start() in /var/www/GIT/mvc/libs/Session.php on line 9
[17-Jan-2012 16:23:49] PHP Stack trace:
[17-Jan-2012 16:23:49] PHP   1. {main}() /var/www/GIT/mvc/index.php:0
[17-Jan-2012 16:23:49] PHP   2. Bootstrap->__construct() /var/www/GIT/mvc/index.php:14
[17-Jan-2012 16:23:49] PHP   3. Login->runLogout() /var/www/GIT/mvc/libs/Bootstrap.php:26
[17-Jan-2012 16:23:49] PHP   4. Login_Model->logout() /var/www/GIT/mvc/controllers/login.php:26
[17-Jan-2012 16:23:49] PHP   5. Session->start() /var/www/GIT/mvc/models/login_model.php:52
[17-Jan-2012 16:23:49] PHP   6. session_start() /var/www/GIT/mvc/libs/Session.php:9
[17-Jan-2012 16:23:49] PHP Notice:  Undefined variable: userName in /var/www/GIT/mvc/models/login_model.php on line 57
[17-Jan-2012 16:23:49] PHP Stack trace:
[17-Jan-2012 16:23:49] PHP   1. {main}() /var/www/GIT/mvc/index.php:0
[17-Jan-2012 16:23:49] PHP   2. Bootstrap->__construct() /var/www/GIT/mvc/index.php:14
[17-Jan-2012 16:23:49] PHP   3. Login->runLogout() /var/www/GIT/mvc/libs/Bootstrap.php:26
[17-Jan-2012 16:23:49] PHP   4. Login_Model->logout() /var/www/GIT/mvc/controllers/login.php:26
[17-Jan-2012 16:23:49] PHP Notice:  Undefined variable: passw in /var/www/GIT/mvc/models/login_model.php on line 57
[17-Jan-2012 16:23:49] PHP Stack trace:
[17-Jan-2012 16:23:49] PHP   1. {main}() /var/www/GIT/mvc/index.php:0
[17-Jan-2012 16:23:49] PHP   2. Bootstrap->__construct() /var/www/GIT/mvc/index.php:14
[17-Jan-2012 16:23:49] PHP   3. Login->runLogout() /var/www/GIT/mvc/libs/Bootstrap.php:26
[17-Jan-2012 16:23:49] PHP   4. Login_Model->logout() /var/www/GIT/mvc/controllers/login.php:26
[17-Jan-2012 16:23:49] PHP Notice:  Use of undefined constant ’token’ - assumed '’token’' in /var/www/GIT/mvc/libs/Session.php on line 19
[17-Jan-2012 16:23:49] PHP Stack trace:
[17-Jan-2012 16:23:49] PHP   1. {main}() /var/www/GIT/mvc/index.php:0
[17-Jan-2012 16:23:49] PHP   2. Bootstrap->__construct() /var/www/GIT/mvc/index.php:14
[17-Jan-2012 16:23:49] PHP   3. Main->__construct() /var/www/GIT/mvc/libs/Bootstrap.php:24
[17-Jan-2012 16:23:49] PHP   4. Controller->__construct() /var/www/GIT/mvc/controllers/main.php:12
[17-Jan-2012 16:23:49] PHP   5. Main_Model->__construct() /var/www/GIT/mvc/libs/Controller.php:16
[17-Jan-2012 16:23:49] PHP   6. Model->__construct() /var/www/GIT/mvc/models/main_model.php:8
[17-Jan-2012 16:23:49] PHP   7. Session->start() /var/www/GIT/mvc/libs/Model.php:11
[17-Jan-2012 16:25:51] PHP Notice:  Undefined index: token in /var/www/GIT/mvc/libs/Session.php on line 32
[17-Jan-2012 16:25:51] PHP Stack trace:
[17-Jan-2012 16:25:51] PHP   1. {main}() /var/www/GIT/mvc/index.php:0
[17-Jan-2012 16:25:51] PHP   2. Bootstrap->__construct() /var/www/GIT/mvc/index.php:14
[17-Jan-2012 16:25:51] PHP   3. Login->runLogin() /var/www/GIT/mvc/libs/Bootstrap.php:26
[17-Jan-2012 16:25:51] PHP   4. Login_Model->login() /var/www/GIT/mvc/controllers/login.php:22
[17-Jan-2012 16:25:51] PHP   5. Session->checkToken() /var/www/GIT/mvc/models/login_model.php:20
[17-Jan-2012 17:22:33] PHP Notice:  A session had already been started - ignoring session_start() in /var/www/GIT/mvc/libs/Session.php on line 9
[17-Jan-2012 17:22:33] PHP Stack trace:
[17-Jan-2012 17:22:33] PHP   1. {main}() /var/www/GIT/mvc/index.php:0
[17-Jan-2012 17:22:33] PHP   2. Bootstrap->__construct() /var/www/GIT/mvc/index.php:14
[17-Jan-2012 17:22:33] PHP   3. Login->runLogin() /var/www/GIT/mvc/libs/Bootstrap.php:26
[17-Jan-2012 17:22:33] PHP   4. Login_Model->login() /var/www/GIT/mvc/controllers/login.php:22
[17-Jan-2012 17:22:33] PHP   5. Session->start() /var/www/GIT/mvc/models/login_model.php:35
[17-Jan-2012 17:22:33] PHP   6. session_start() /var/www/GIT/mvc/libs/Session.php:9
[17-Jan-2012 17:22:33] PHP Notice:  Undefined variable: user in /var/www/GIT/mvc/models/login_model.php on line 37
[17-Jan-2012 17:22:33] PHP Stack trace:
[17-Jan-2012 17:22:33] PHP   1. {main}() /var/www/GIT/mvc/index.php:0
[17-Jan-2012 17:22:33] PHP   2. Bootstrap->__construct() /var/www/GIT/mvc/index.php:14
[17-Jan-2012 17:22:33] PHP   3. Login->runLogin() /var/www/GIT/mvc/libs/Bootstrap.php:26
[17-Jan-2012 17:22:33] PHP   4. Login_Model->login() /var/www/GIT/mvc/controllers/login.php:22
[17-Jan-2012 17:36:19] PHP Notice:  Undefined variable: token in /var/www/GIT/mvc/controllers/login.php on line 16
[17-Jan-2012 17:36:19] PHP Stack trace:
[17-Jan-2012 17:36:19] PHP   1. {main}() /var/www/GIT/mvc/index.php:0
[17-Jan-2012 17:36:19] PHP   2. Bootstrap->__construct() /var/www/GIT/mvc/index.php:14
[17-Jan-2012 17:36:19] PHP   3. Login->index() /var/www/GIT/mvc/libs/Bootstrap.php:26
[17-Jan-2012 17:36:19] PHP Notice:  Undefined variable: token in /var/www/GIT/mvc/views/login.php on line 4
[17-Jan-2012 17:36:19] PHP Stack trace:
[17-Jan-2012 17:36:19] PHP   1. {main}() /var/www/GIT/mvc/index.php:0
[17-Jan-2012 17:36:19] PHP   2. Bootstrap->__construct() /var/www/GIT/mvc/index.php:14
[17-Jan-2012 17:36:19] PHP   3. Login->index() /var/www/GIT/mvc/libs/Bootstrap.php:26
[17-Jan-2012 17:36:19] PHP   4. LoadView->render() /var/www/GIT/mvc/controllers/login.php:17
[17-Jan-2012 17:36:19] PHP   5. include() /var/www/GIT/mvc/libs/LoadView.php:30
[17-Jan-2012 17:36:30] PHP Notice:  Undefined variable: token in /var/www/GIT/mvc/views/login.php on line 4
[17-Jan-2012 17:36:30] PHP Stack trace:
[17-Jan-2012 17:36:30] PHP   1. {main}() /var/www/GIT/mvc/index.php:0
[17-Jan-2012 17:36:30] PHP   2. Bootstrap->__construct() /var/www/GIT/mvc/index.php:14
[17-Jan-2012 17:36:30] PHP   3. Login->index() /var/www/GIT/mvc/libs/Bootstrap.php:26
[17-Jan-2012 17:36:30] PHP   4. LoadView->render() /var/www/GIT/mvc/controllers/login.php:17
[17-Jan-2012 17:36:30] PHP   5. include() /var/www/GIT/mvc/libs/LoadView.php:30
[17-Jan-2012 17:36:36] PHP Notice:  Undefined variable: token in /var/www/GIT/mvc/views/login.php on line 4
[17-Jan-2012 17:36:36] PHP Stack trace:
[17-Jan-2012 17:36:36] PHP   1. {main}() /var/www/GIT/mvc/index.php:0
[17-Jan-2012 17:36:36] PHP   2. Bootstrap->__construct() /var/www/GIT/mvc/index.php:14
[17-Jan-2012 17:36:36] PHP   3. Login->index() /var/www/GIT/mvc/libs/Bootstrap.php:26
[17-Jan-2012 17:36:36] PHP   4. LoadView->render() /var/www/GIT/mvc/controllers/login.php:17
[17-Jan-2012 17:36:36] PHP   5. include() /var/www/GIT/mvc/libs/LoadView.php:30
[17-Jan-2012 17:37:58] PHP Notice:  A session had already been started - ignoring session_start() in /var/www/GIT/mvc/libs/Session.php on line 10
[17-Jan-2012 17:37:58] PHP Stack trace:
[17-Jan-2012 17:37:58] PHP   1. {main}() /var/www/GIT/mvc/index.php:0
[17-Jan-2012 17:37:58] PHP   2. Bootstrap->__construct() /var/www/GIT/mvc/index.php:14
[17-Jan-2012 17:37:58] PHP   3. Login->runLogin() /var/www/GIT/mvc/libs/Bootstrap.php:26
[17-Jan-2012 17:37:58] PHP   4. Login_Model->login() /var/www/GIT/mvc/controllers/login.php:22
[17-Jan-2012 17:37:58] PHP   5. Session->start() /var/www/GIT/mvc/models/login_model.php:35
[17-Jan-2012 17:37:58] PHP   6. session_start() /var/www/GIT/mvc/libs/Session.php:10
[17-Jan-2012 17:37:58] PHP Notice:  Undefined variable: user in /var/www/GIT/mvc/models/login_model.php on line 37
[17-Jan-2012 17:37:58] PHP Stack trace:
[17-Jan-2012 17:37:58] PHP   1. {main}() /var/www/GIT/mvc/index.php:0
[17-Jan-2012 17:37:58] PHP   2. Bootstrap->__construct() /var/www/GIT/mvc/index.php:14
[17-Jan-2012 17:37:58] PHP   3. Login->runLogin() /var/www/GIT/mvc/libs/Bootstrap.php:26
[17-Jan-2012 17:37:58] PHP   4. Login_Model->login() /var/www/GIT/mvc/controllers/login.php:22
